<?xml version="1.0" encoding="UTF-8"?>
<testng-results ignored="0" total="1" passed="0" failed="1" skipped="0">
  <reporter-output>
  </reporter-output>
  <suite started-at="2024-03-04T08:52:01Z" name="Default suite" finished-at="2024-03-04T08:52:09Z" duration-ms="8695">
    <groups>
      <group name="regression">
        <method signature="CheckTermOfUseOption.OpenSection()[pri:0, instance:tests.CheckTermOfUseOption@7bfc3126]" name="OpenSection" class="tests.CheckTermOfUseOption"/>
      </group> <!-- regression -->
      <group name="smoke">
        <method signature="CheckTermOfUseOption.OpenSection()[pri:0, instance:tests.CheckTermOfUseOption@7bfc3126]" name="OpenSection" class="tests.CheckTermOfUseOption"/>
      </group> <!-- smoke -->
    </groups>
    <test started-at="2024-03-04T08:52:01Z" name="Default test" finished-at="2024-03-04T08:52:09Z" duration-ms="8695">
      <class name="tests.CheckTermOfUseOption">
        <test-method is-config="true" signature="setup()[pri:0, instance:tests.CheckTermOfUseOption@7bfc3126]" started-at="2024-03-04T14:22:01Z" name="setup" finished-at="2024-03-04T14:22:04Z" duration-ms="3641" status="PASS">
          <reporter-output>
          </reporter-output>
        </test-method> <!-- setup -->
        <test-method signature="OpenSection()[pri:0, instance:tests.CheckTermOfUseOption@7bfc3126]" started-at="2024-03-04T14:22:04Z" name="OpenSection" finished-at="2024-03-04T14:22:08Z" duration-ms="3675" status="FAIL">
          <exception class="java.lang.AssertionError">
            <message>
              <![CDATA[expected [Terms Store Online - Buy Terms Online at Best Price in India | Flipkart.com] but found [Online Shopping India | Buy Mobiles, Electronics, Appliances, Clothing and More Online at Flipkart.com]]]>
            </message>
            <full-stacktrace>
              <![CDATA[java.lang.AssertionError: expected [Terms Store Online - Buy Terms Online at Best Price in India | Flipkart.com] but found [Online Shopping India | Buy Mobiles, Electronics, Appliances, Clothing and More Online at Flipkart.com]
	at org.testng.Assert.fail(Assert.java:93)
	at org.testng.Assert.failNotEquals(Assert.java:512)
	at org.testng.Assert.assertEqualsImpl(Assert.java:134)
	at org.testng.Assert.assertEquals(Assert.java:115)
	at org.testng.Assert.assertEquals(Assert.java:189)
	at org.testng.Assert.assertEquals(Assert.java:199)
	at tests.CheckTermOfUseOption.OpenSection(CheckTermOfUseOption.java:127)
	at java.base/jdk.internal.reflect.NativeMethodAccessorImpl.invoke0(Native Method)
	at java.base/jdk.internal.reflect.NativeMethodAccessorImpl.invoke(NativeMethodAccessorImpl.java:77)
	at java.base/jdk.internal.reflect.DelegatingMethodAccessorImpl.invoke(DelegatingMethodAccessorImpl.java:43)
	at java.base/java.lang.reflect.Method.invoke(Method.java:568)
	at org.testng.internal.MethodInvocationHelper.invokeMethod(MethodInvocationHelper.java:108)
	at org.testng.internal.Invoker.invokeMethod(Invoker.java:661)
	at org.testng.internal.Invoker.invokeTestMethod(Invoker.java:869)
	at org.testng.internal.Invoker.invokeTestMethods(Invoker.java:1193)
	at org.testng.internal.TestMethodWorker.invokeTestMethods(TestMethodWorker.java:126)
	at org.testng.internal.TestMethodWorker.run(TestMethodWorker.java:109)
	at org.testng.TestRunner.privateRun(TestRunner.java:744)
	at org.testng.TestRunner.run(TestRunner.java:602)
	at org.testng.SuiteRunner.runTest(SuiteRunner.java:380)
	at org.testng.SuiteRunner.runSequentially(SuiteRunner.java:375)
	at org.testng.SuiteRunner.privateRun(SuiteRunner.java:340)
	at org.testng.SuiteRunner.run(SuiteRunner.java:289)
	at org.testng.SuiteRunnerWorker.runSuite(SuiteRunnerWorker.java:52)
	at org.testng.SuiteRunnerWorker.run(SuiteRunnerWorker.java:86)
	at org.testng.TestNG.runSuitesSequentially(TestNG.java:1301)
	at org.testng.TestNG.runSuitesLocally(TestNG.java:1226)
	at org.testng.TestNG.runSuites(TestNG.java:1144)
	at org.testng.TestNG.run(TestNG.java:1115)
	at org.testng.remote.AbstractRemoteTestNG.run(AbstractRemoteTestNG.java:115)
	at org.testng.remote.RemoteTestNG.initAndRun(RemoteTestNG.java:251)
	at org.testng.remote.RemoteTestNG.main(RemoteTestNG.java:77)
]]>
            </full-stacktrace>
          </exception> <!-- java.lang.AssertionError -->
          <reporter-output>
          </reporter-output>
        </test-method> <!-- OpenSection -->
        <test-method is-config="true" signature="close()[pri:0, instance:tests.CheckTermOfUseOption@7bfc3126]" started-at="2024-03-04T14:22:08Z" name="close" finished-at="2024-03-04T14:22:09Z" duration-ms="1364" status="PASS">
          <reporter-output>
          </reporter-output>
        </test-method> <!-- close -->
      </class> <!-- tests.CheckTermOfUseOption -->
    </test> <!-- Default test -->
  </suite> <!-- Default suite -->
</testng-results>
